<?xml version="1.0" encoding="UTF-8"?>
<testng-results ignored="0" total="1" passed="1" failed="0" skipped="0">
  <reporter-output>
  </reporter-output>
  <suite started-at="2024-09-11T22:58:55 EET" name="Default suite" finished-at="2024-09-11T22:59:03 EET" duration-ms="7605">
    <groups>
    </groups>
    <test started-at="2024-09-11T22:58:55 EET" name="Default test" finished-at="2024-09-11T22:59:03 EET" duration-ms="7605">
      <class name="magnetosecndtest.mytest">
        <test-method is-config="true" signature="mysetup()[pri:0, instance:magnetosecndtest.mytest@6ee660fb]" started-at="2024-09-11T22:58:55 EET" name="mysetup" finished-at="2024-09-11T22:58:57 EET" duration-ms="2068" status="PASS">
          <reporter-output>
          </reporter-output>
        </test-method> <!-- mysetup -->
        <test-method signature="CreateAnAccount()[pri:0, instance:magnetosecndtest.mytest@6ee660fb]" started-at="2024-09-11T22:58:57 EET" name="CreateAnAccount" finished-at="2024-09-11T22:59:03 EET" duration-ms="5495" status="PASS">
          <reporter-output>
          </reporter-output>
        </test-method> <!-- CreateAnAccount -->
      </class> <!-- magnetosecndtest.mytest -->
    </test> <!-- Default test -->
  </suite> <!-- Default suite -->
</testng-results>
