<?xml version="1.0" encoding="UTF-8"?>
<testng-results ignored="0" total="2" passed="2" failed="0" skipped="0">
  <reporter-output>
  </reporter-output>
  <suite started-at="2024-09-13T00:11:36 EET" name="Default suite" finished-at="2024-09-13T00:11:47 EET" duration-ms="10546">
    <groups>
    </groups>
    <test started-at="2024-09-13T00:11:36 EET" name="Default test" finished-at="2024-09-13T00:11:47 EET" duration-ms="10546">
      <class name="magnetosecndtest.mytest">
        <test-method is-config="true" signature="mysetup()[pri:0, instance:magnetosecndtest.mytest@4535b6d5]" started-at="2024-09-13T00:11:36 EET" name="mysetup" finished-at="2024-09-13T00:11:38 EET" duration-ms="1774" status="PASS">
          <reporter-output>
          </reporter-output>
        </test-method> <!-- mysetup -->
        <test-method signature="CreateAnAccount()[pri:1, instance:magnetosecndtest.mytest@4535b6d5]" started-at="2024-09-13T00:11:38 EET" name="CreateAnAccount" finished-at="2024-09-13T00:11:44 EET" duration-ms="5896" status="PASS">
          <reporter-output>
          </reporter-output>
        </test-method> <!-- CreateAnAccount -->
        <test-method signature="LogIn()[pri:2, instance:magnetosecndtest.mytest@4535b6d5]" started-at="2024-09-13T00:11:44 EET" name="LogIn" finished-at="2024-09-13T00:11:47 EET" duration-ms="2834" status="PASS">
          <reporter-output>
          </reporter-output>
        </test-method> <!-- LogIn -->
      </class> <!-- magnetosecndtest.mytest -->
    </test> <!-- Default test -->
  </suite> <!-- Default suite -->
</testng-results>
